   1              		.syntax unified
   2              		.cpu cortex-m3
   3              		.fpu softvfp
   4              		.eabi_attribute 20, 1
   5              		.eabi_attribute 21, 1
   6              		.eabi_attribute 23, 3
   7              		.eabi_attribute 24, 1
   8              		.eabi_attribute 25, 1
   9              		.eabi_attribute 26, 1
  10              		.eabi_attribute 30, 2
  11              		.eabi_attribute 34, 1
  12              		.eabi_attribute 18, 4
  13              		.thumb
  14              		.file	"main.c"
  15              		.text
  16              	.Ltext0:
  17              		.cfi_sections	.debug_frame
  18              		.section	.text.LED_Tick,"ax",%progbits
  19              		.align	2
  20              		.global	LED_Tick
  21              		.thumb
  22              		.thumb_func
  24              	LED_Tick:
  25              	.LFB0:
  26              		.file 1 "../main.c"
   1:../main.c     **** //----------------------------------------------------------------------------
   2:../main.c     **** //    프로그램명 	: Radio
   3:../main.c     **** //
   4:../main.c     **** //    만든이     	: Cho Han Cheol (Baram)
   5:../main.c     **** //
   6:../main.c     **** //    날  짜     	: 2013. 8.20.
   7:../main.c     **** //
   8:../main.c     **** //    최종 수정  	:
   9:../main.c     **** //
  10:../main.c     **** //    MPU_Type		:
  11:../main.c     **** //
  12:../main.c     **** //    파일명     	: Main.c
  13:../main.c     **** //----------------------------------------------------------------------------
  14:../main.c     **** /*
  15:../main.c     **** 	130820 
  16:../main.c     **** 		- 초기 프로젝트 작업 시작
  17:../main.c     **** 	130823 
  18:../main.c     **** 		- Uart 인터럽트 구현
  19:../main.c     **** 	131216
  20:../main.c     **** 		- MPU6050 구현 	
  21:../main.c     **** 	140112
  22:../main.c     **** 		- OpenCM 보드로 변경 
  23:../main.c     **** */
  24:../main.c     **** 
  25:../main.c     **** 
  26:../main.c     **** 
  27:../main.c     **** 
  28:../main.c     **** //----- 헤더파일 열기
  29:../main.c     **** //
  30:../main.c     **** #define  MAIN_LOCAL
  31:../main.c     **** 
  32:../main.c     **** #include "main.h"
  33:../main.c     **** 
  34:../main.c     **** 
  35:../main.c     **** 
  36:../main.c     **** 
  37:../main.c     **** //-- 내부 선언
  38:../main.c     **** //
  39:../main.c     **** 
  40:../main.c     **** 
  41:../main.c     **** 
  42:../main.c     **** //-- 내부 변수
  43:../main.c     **** //
  44:../main.c     **** 
  45:../main.c     **** 
  46:../main.c     **** 
  47:../main.c     **** //-- 내부 함수
  48:../main.c     **** //
  49:../main.c     **** static void Main_Init( void );
  50:../main.c     **** 
  51:../main.c     **** 
  52:../main.c     **** 
  53:../main.c     **** void LED_Tick( void )
  54:../main.c     **** {
  27              		.loc 1 54 0
  28              		.cfi_startproc
  29              		@ args = 0, pretend = 0, frame = 0
  30              		@ frame_needed = 0, uses_anonymous_args = 0
  31 0000 08B5     		push	{r3, lr}
  32              	.LCFI0:
  33              		.cfi_def_cfa_offset 8
  34              		.cfi_offset 3, -8
  35              		.cfi_offset 14, -4
  55:../main.c     **** 	Hw_Led_Toggle(0);
  36              		.loc 1 55 0
  37 0002 40F20003 		movw	r3, #:lower16:Hw_Led_Toggle
  38 0006 0020     		movs	r0, #0
  39 0008 C0F20003 		movt	r3, #:upper16:Hw_Led_Toggle
  40 000c 9847     		blx	r3
  41              	.LVL0:
  42 000e 08BD     		pop	{r3, pc}
  43              		.cfi_endproc
  44              	.LFE0:
  46              		.section	.text.startup.main,"ax",%progbits
  47              		.align	2
  48              		.global	main
  49              		.thumb
  50              		.thumb_func
  52              	main:
  53              	.LFB1:
  56:../main.c     **** }
  57:../main.c     **** 
  58:../main.c     **** 
  59:../main.c     **** 
  60:../main.c     **** /*---------------------------------------------------------------------------
  61:../main.c     ****      TITLE   :	main          
  62:../main.c     ****      WORK    : 	
  63:../main.c     ****      			메인 함수
  64:../main.c     ****      ARG     : 	void
  65:../main.c     ****      RET     : 	
  66:../main.c     ****      			int
  67:../main.c     **** ---------------------------------------------------------------------------*/
  68:../main.c     **** int main(void)
  69:../main.c     **** {
  54              		.loc 1 69 0
  55              		.cfi_startproc
  56              		@ Volatile: function does not return.
  57              		@ args = 0, pretend = 0, frame = 0
  58              		@ frame_needed = 0, uses_anonymous_args = 0
  59 0000 00B5     		push	{lr}
  60              	.LCFI1:
  61              		.cfi_def_cfa_offset 4
  62              		.cfi_offset 14, -4
  63              	.LBB4:
  64              	.LBB5:
  70:../main.c     **** 	int key;
  71:../main.c     **** 	u32 TimeStart;
  72:../main.c     **** 	u32 TimeEnd;
  73:../main.c     **** 	
  74:../main.c     **** 	Main_Init();
  75:../main.c     **** 
  76:../main.c     **** 	//-- 명령어 처리
  77:../main.c     **** 	//  
  78:../main.c     **** 	Ap_GLcdMenu_ExeCmd();    
  79:../main.c     **** 
  80:../main.c     **** 
  81:../main.c     ****     while(1);
  82:../main.c     ****     
  83:../main.c     ****     return 0;
  84:../main.c     **** }
  85:../main.c     **** 
  86:../main.c     **** 
  87:../main.c     **** 
  88:../main.c     **** 
  89:../main.c     **** 
  90:../main.c     **** /*---------------------------------------------------------------------------
  91:../main.c     ****      TITLE   : Main_Init
  92:../main.c     ****      WORK    :
  93:../main.c     ****      ARG     : void
  94:../main.c     ****      RET     : void
  95:../main.c     **** ---------------------------------------------------------------------------*/
  96:../main.c     **** void Main_Init( void )
  97:../main.c     **** {
  98:../main.c     **** 	Hw_Init();
  65              		.loc 1 98 0
  66 0002 0A4B     		ldr	r3, .L5
  67              	.LBE5:
  68              	.LBE4:
  69:../main.c     **** {
  69              		.loc 1 69 0
  70 0004 83B0     		sub	sp, sp, #12
  71              	.LCFI2:
  72              		.cfi_def_cfa_offset 16
  73              	.LBB7:
  74              	.LBB6:
  75              		.loc 1 98 0
  76 0006 9847     		blx	r3
  77              	.LVL1:
  99:../main.c     **** 	Ap_Init();
 100:../main.c     **** 	
 101:../main.c     **** 	Hw_Timer_Set  ( HW_TIMER_CH_LED, 1000, LOOP_TIME, LED_Tick, NULL );
  78              		.loc 1 101 0
  79 0008 0024     		movs	r4, #0
  99:../main.c     **** 	Ap_Init();
  80              		.loc 1 99 0
  81 000a 0948     		ldr	r0, .L5+4
  82 000c 8047     		blx	r0
  83              	.LVL2:
  84              		.loc 1 101 0
  85 000e 094D     		ldr	r5, .L5+8
  86 0010 0222     		movs	r2, #2
  87 0012 4FF47A71 		mov	r1, #1000
  88 0016 084B     		ldr	r3, .L5+12
  89 0018 2046     		mov	r0, r4
  90 001a 0094     		str	r4, [sp, #0]
  91 001c A847     		blx	r5
  92              	.LVL3:
 102:../main.c     **** 	Hw_Timer_Start( HW_TIMER_CH_LED );		
  93              		.loc 1 102 0
  94 001e 2046     		mov	r0, r4
  95 0020 0649     		ldr	r1, .L5+16
  96 0022 8847     		blx	r1
  97              	.LVL4:
  98              	.LBE6:
  99              	.LBE7:
  78:../main.c     **** 	Ap_GLcdMenu_ExeCmd();    
 100              		.loc 1 78 0
 101 0024 064A     		ldr	r2, .L5+20
 102 0026 9047     		blx	r2
 103              	.LVL5:
 104              	.L3:
 105 0028 FEE7     		b	.L3
 106              	.L6:
 107 002a 00BF     		.align	2
 108              	.L5:
 109 002c 00000000 		.word	Hw_Init
 110 0030 00000000 		.word	Ap_Init
 111 0034 00000000 		.word	Hw_Timer_Set
 112 0038 00000000 		.word	LED_Tick
 113 003c 00000000 		.word	Hw_Timer_Start
 114 0040 00000000 		.word	Ap_GLcdMenu_ExeCmd
 115              		.cfi_endproc
 116              	.LFE1:
 118              		.text
 119              	.Letext0:
 120              		.file 2 "../LIB_HW/Hw_Define.h"
DEFINED SYMBOLS
                            *ABS*:0000000000000000 main.c
/var/folders/bz/nn5481rn5xq59rb0mbj7x0880000gn/T//ccIrvwmu.s:19     .text.LED_Tick:0000000000000000 $t
/var/folders/bz/nn5481rn5xq59rb0mbj7x0880000gn/T//ccIrvwmu.s:24     .text.LED_Tick:0000000000000000 LED_Tick
/var/folders/bz/nn5481rn5xq59rb0mbj7x0880000gn/T//ccIrvwmu.s:47     .text.startup.main:0000000000000000 $t
/var/folders/bz/nn5481rn5xq59rb0mbj7x0880000gn/T//ccIrvwmu.s:52     .text.startup.main:0000000000000000 main
/var/folders/bz/nn5481rn5xq59rb0mbj7x0880000gn/T//ccIrvwmu.s:109    .text.startup.main:000000000000002c $d
                     .debug_frame:0000000000000010 $d

UNDEFINED SYMBOLS
Hw_Led_Toggle
Hw_Init
Ap_Init
Hw_Timer_Set
Hw_Timer_Start
Ap_GLcdMenu_ExeCmd
